<?xml version="1.0" encoding="UTF-8"?>
<testsuite xmlns:xsi="http://www.w3.org/2001/XMLSchema-instance" xsi:noNamespaceSchemaLocation="https://maven.apache.org/surefire/maven-surefire-plugin/xsd/surefire-test-report.xsd" name="org.jboss.as.quickstarts.cmt.ejb.CustomerManagerEJBTest" time="0.03" tests="1" errors="0" skipped="0" failures="0">
  <properties>
    <property name="awt.toolkit" value="sun.lwawt.macosx.LWCToolkit"/>
    <property name="java.specification.version" value="12"/>
    <property name="sun.jnu.encoding" value="UTF-8"/>
    <property name="java.class.path" value="/Users/umutyerli/Documents/jboss-eap-7.2.0.GA-quickstarts 2/cmt/target/test-classes:/Users/umutyerli/Documents/jboss-eap-7.2.0.GA-quickstarts 2/cmt/target/classes:/Users/umutyerli/.m2/repository/javax/inject/javax.inject/1.0.0.redhat-6/javax.inject-1.0.0.redhat-6.jar:/Users/umutyerli/.m2/repository/junit/junit/4.12/junit-4.12.jar:/Users/umutyerli/.m2/repository/org/hamcrest/hamcrest-core/1.3/hamcrest-core-1.3.jar:/Users/umutyerli/.m2/repository/javax/persistence/javax.persistence-api/2.2.0.redhat-1/javax.persistence-api-2.2.0.redhat-1.jar:/Users/umutyerli/.m2/repository/org/jboss/spec/javax/ejb/jboss-ejb-api_3.2_spec/1.0.1.Final-redhat-1/jboss-ejb-api_3.2_spec-1.0.1.Final-redhat-1.jar:/Users/umutyerli/.m2/repository/org/jboss/spec/javax/faces/jboss-jsf-api_2.3_spec/2.3.5.SP1-redhat-1/jboss-jsf-api_2.3_spec-2.3.5.SP1-redhat-1.jar:/Users/umutyerli/.m2/repository/org/jboss/spec/javax/jms/jboss-jms-api_2.0_spec/1.0.2.Final-redhat-1/jboss-jms-api_2.0_spec-1.0.2.Final-redhat-1.jar:/Users/umutyerli/.m2/repository/org/jboss/spec/javax/transaction/jboss-transaction-api_1.2_spec/1.1.1.Final-redhat-1/jboss-transaction-api_1.2_spec-1.1.1.Final-redhat-1.jar:/Users/umutyerli/.m2/repository/org/jboss/spec/javax/annotation/jboss-annotations-api_1.3_spec/1.0.1.Final-redhat-1/jboss-annotations-api_1.3_spec-1.0.1.Final-redhat-1.jar:"/>
    <property name="java.vm.vendor" value="Oracle Corporation"/>
    <property name="sun.arch.data.model" value="64"/>
    <property name="java.vendor.url" value="https://java.oracle.com/"/>
    <property name="os.name" value="Mac OS X"/>
    <property name="java.vm.specification.version" value="12"/>
    <property name="sun.java.launcher" value="SUN_STANDARD"/>
    <property name="user.country" value="US"/>
    <property name="sun.boot.library.path" value="/Library/Java/JavaVirtualMachines/jdk-12.0.1.jdk/Contents/Home/lib"/>
    <property name="sun.java.command" value="/Users/umutyerli/Documents/jboss-eap-7.2.0.GA-quickstarts 2/cmt/target/surefire/surefirebooter17928561158655018091.jar /Users/umutyerli/Documents/jboss-eap-7.2.0.GA-quickstarts 2/cmt/target/surefire 2019-07-16T17-04-36_507-jvmRun1 surefire17440844401976581591tmp surefire_017522754358147770410tmp"/>
    <property name="http.nonProxyHosts" value="local|*.local|169.254/16|*.169.254/16"/>
    <property name="jdk.debug" value="release"/>
    <property name="surefire.test.class.path" value="/Users/umutyerli/Documents/jboss-eap-7.2.0.GA-quickstarts 2/cmt/target/test-classes:/Users/umutyerli/Documents/jboss-eap-7.2.0.GA-quickstarts 2/cmt/target/classes:/Users/umutyerli/.m2/repository/javax/inject/javax.inject/1.0.0.redhat-6/javax.inject-1.0.0.redhat-6.jar:/Users/umutyerli/.m2/repository/junit/junit/4.12/junit-4.12.jar:/Users/umutyerli/.m2/repository/org/hamcrest/hamcrest-core/1.3/hamcrest-core-1.3.jar:/Users/umutyerli/.m2/repository/javax/persistence/javax.persistence-api/2.2.0.redhat-1/javax.persistence-api-2.2.0.redhat-1.jar:/Users/umutyerli/.m2/repository/org/jboss/spec/javax/ejb/jboss-ejb-api_3.2_spec/1.0.1.Final-redhat-1/jboss-ejb-api_3.2_spec-1.0.1.Final-redhat-1.jar:/Users/umutyerli/.m2/repository/org/jboss/spec/javax/faces/jboss-jsf-api_2.3_spec/2.3.5.SP1-redhat-1/jboss-jsf-api_2.3_spec-2.3.5.SP1-redhat-1.jar:/Users/umutyerli/.m2/repository/org/jboss/spec/javax/jms/jboss-jms-api_2.0_spec/1.0.2.Final-redhat-1/jboss-jms-api_2.0_spec-1.0.2.Final-redhat-1.jar:/Users/umutyerli/.m2/repository/org/jboss/spec/javax/transaction/jboss-transaction-api_1.2_spec/1.1.1.Final-redhat-1/jboss-transaction-api_1.2_spec-1.1.1.Final-redhat-1.jar:/Users/umutyerli/.m2/repository/org/jboss/spec/javax/annotation/jboss-annotations-api_1.3_spec/1.0.1.Final-redhat-1/jboss-annotations-api_1.3_spec-1.0.1.Final-redhat-1.jar:"/>
    <property name="sun.cpu.endian" value="little"/>
    <property name="user.home" value="/Users/umutyerli"/>
    <property name="user.language" value="en"/>
    <property name="java.specification.vendor" value="Oracle Corporation"/>
    <property name="java.version.date" value="2019-04-16"/>
    <property name="java.home" value="/Library/Java/JavaVirtualMachines/jdk-12.0.1.jdk/Contents/Home"/>
    <property name="file.separator" value="/"/>
    <property name="basedir" value="/Users/umutyerli/Documents/jboss-eap-7.2.0.GA-quickstarts 2/cmt"/>
    <property name="java.vm.compressedOopsMode" value="Zero based"/>
    <property name="line.separator" value="&#10;"/>
    <property name="java.specification.name" value="Java Platform API Specification"/>
    <property name="java.vm.specification.vendor" value="Oracle Corporation"/>
    <property name="java.awt.graphicsenv" value="sun.awt.CGraphicsEnvironment"/>
    <property name="surefire.real.class.path" value="/Users/umutyerli/Documents/jboss-eap-7.2.0.GA-quickstarts 2/cmt/target/surefire/surefirebooter17928561158655018091.jar"/>
    <property name="sun.management.compiler" value="HotSpot 64-Bit Tiered Compilers"/>
    <property name="ftp.nonProxyHosts" value="local|*.local|169.254/16|*.169.254/16"/>
    <property name="java.runtime.version" value="12.0.1+12"/>
    <property name="user.name" value="umutyerli"/>
    <property name="path.separator" value=":"/>
    <property name="os.version" value="10.14.5"/>
    <property name="java.runtime.name" value="Java(TM) SE Runtime Environment"/>
    <property name="file.encoding" value="UTF-8"/>
    <property name="java.vm.name" value="Java HotSpot(TM) 64-Bit Server VM"/>
    <property name="localRepository" value="/Users/umutyerli/.m2/repository"/>
    <property name="java.vendor.url.bug" value="https://bugreport.java.com/bugreport/"/>
    <property name="java.io.tmpdir" value="/Users/umutyerli/Documents/jboss-eap-7.2.0.GA-quickstarts 2/cmt/target"/>
    <property name="java.version" value="12.0.1"/>
    <property name="user.dir" value="/Users/umutyerli/Documents/jboss-eap-7.2.0.GA-quickstarts 2/cmt"/>
    <property name="os.arch" value="x86_64"/>
    <property name="java.vm.specification.name" value="Java Virtual Machine Specification"/>
    <property name="java.library.path" value="/Users/umutyerli/Library/Java/Extensions:/Library/Java/Extensions:/Network/Library/Java/Extensions:/System/Library/Java/Extensions:/usr/lib/java:."/>
    <property name="java.vm.info" value="mixed mode, sharing"/>
    <property name="java.vendor" value="Oracle Corporation"/>
    <property name="java.vm.version" value="12.0.1+12"/>
    <property name="sun.io.unicode.encoding" value="UnicodeBig"/>
    <property name="socksNonProxyHosts" value="local|*.local|169.254/16|*.169.254/16"/>
    <property name="java.class.version" value="56.0"/>
  </properties>
  <testcase name="testNameIsValid" classname="org.jboss.as.quickstarts.cmt.ejb.CustomerManagerEJBTest" time="0.002"/>
</testsuite>