<?xml version="1.0" encoding="UTF-8"?>
<testsuite xmlns:xsi="http://www.w3.org/2001/XMLSchema-instance" xsi:noNamespaceSchemaLocation="https://maven.apache.org/surefire/maven-surefire-plugin/xsd/surefire-test-report.xsd" name="org.jboss.as.quickstarts.kitchensink.spring.basic.test.MemberDaoTest" time="2.347" tests="4" errors="0" skipped="0" failures="0">
  <properties>
    <property name="awt.toolkit" value="sun.lwawt.macosx.LWCToolkit"/>
    <property name="java.specification.version" value="12"/>
    <property name="sun.jnu.encoding" value="UTF-8"/>
    <property name="java.class.path" value="/Users/umutyerli/Documents/jboss-eap-7.2.0.GA-quickstarts 2/spring-kitchensink-basic/target/test-classes:/Users/umutyerli/Documents/jboss-eap-7.2.0.GA-quickstarts 2/spring-kitchensink-basic/target/classes:/Users/umutyerli/.m2/repository/com/h2database/h2/1.4.193.redhat-2/h2-1.4.193.redhat-2.jar:/Users/umutyerli/.m2/repository/junit/junit/4.12/junit-4.12.jar:/Users/umutyerli/.m2/repository/org/hamcrest/hamcrest-core/1.3/hamcrest-core-1.3.jar:/Users/umutyerli/.m2/repository/org/apache/taglibs/taglibs-standard-impl/1.2.6.RC1-redhat-1/taglibs-standard-impl-1.2.6.RC1-redhat-1.jar:/Users/umutyerli/.m2/repository/org/apache/taglibs/taglibs-standard-spec/1.2.6.RC1-redhat-1/taglibs-standard-spec-1.2.6.RC1-redhat-1.jar:/Users/umutyerli/.m2/repository/org/hibernate/hibernate-entitymanager/5.3.7.Final-redhat-00001/hibernate-entitymanager-5.3.7.Final-redhat-00001.jar:/Users/umutyerli/.m2/repository/org/jboss/logging/jboss-logging/3.3.2.Final-redhat-00001/jboss-logging-3.3.2.Final-redhat-00001.jar:/Users/umutyerli/.m2/repository/org/hibernate/hibernate-core/5.3.7.Final-redhat-00001/hibernate-core-5.3.7.Final-redhat-00001.jar:/Users/umutyerli/.m2/repository/org/javassist/javassist/3.23.1-GA/javassist-3.23.1-GA.jar:/Users/umutyerli/.m2/repository/antlr/antlr/2.7.7/antlr-2.7.7.jar:/Users/umutyerli/.m2/repository/org/jboss/jandex/2.0.5.Final/jandex-2.0.5.Final.jar:/Users/umutyerli/.m2/repository/javax/activation/javax.activation-api/1.2.0/javax.activation-api-1.2.0.jar:/Users/umutyerli/.m2/repository/org/dom4j/dom4j/2.1.1/dom4j-2.1.1.jar:/Users/umutyerli/.m2/repository/org/hibernate/common/hibernate-commons-annotations/5.0.4.Final/hibernate-commons-annotations-5.0.4.Final.jar:/Users/umutyerli/.m2/repository/net/bytebuddy/byte-buddy/1.8.17/byte-buddy-1.8.17.jar:/Users/umutyerli/.m2/repository/org/hibernate/validator/hibernate-validator/6.0.14.Final-redhat-00001/hibernate-validator-6.0.14.Final-redhat-00001.jar:/Users/umutyerli/.m2/repository/javax/validation/validation-api/2.0.1.Final-redhat-1/validation-api-2.0.1.Final-redhat-1.jar:/Users/umutyerli/.m2/repository/com/fasterxml/classmate/1.3.4/classmate-1.3.4.jar:/Users/umutyerli/.m2/repository/org/hibernate/validator/hibernate-validator-annotation-processor/6.0.14.Final-redhat-00001/hibernate-validator-annotation-processor-6.0.14.Final-redhat-00001.jar:/Users/umutyerli/.m2/repository/javax/persistence/javax.persistence-api/2.2.0.redhat-1/javax.persistence-api-2.2.0.redhat-1.jar:/Users/umutyerli/.m2/repository/org/jboss/spec/javax/servlet/jboss-servlet-api_4.0_spec/1.0.0.Final-redhat-1/jboss-servlet-api_4.0_spec-1.0.0.Final-redhat-1.jar:/Users/umutyerli/.m2/repository/org/jboss/spec/javax/servlet/jsp/jboss-jsp-api_2.3_spec/1.0.3.Final-redhat-1/jboss-jsp-api_2.3_spec-1.0.3.Final-redhat-1.jar:/Users/umutyerli/.m2/repository/org/jboss/spec/javax/el/jboss-el-api_3.0_spec/1.0.12.Final-redhat-00001/jboss-el-api_3.0_spec-1.0.12.Final-redhat-00001.jar:/Users/umutyerli/.m2/repository/org/jboss/spec/javax/transaction/jboss-transaction-api_1.2_spec/1.1.1.Final-redhat-1/jboss-transaction-api_1.2_spec-1.1.1.Final-redhat-1.jar:/Users/umutyerli/.m2/repository/org/jboss/spec/javax/xml/bind/jboss-jaxb-api_2.3_spec/1.0.1.Final-redhat-1/jboss-jaxb-api_2.3_spec-1.0.1.Final-redhat-1.jar:/Users/umutyerli/.m2/repository/org/springframework/spring-aop/4.3.14.RELEASE/spring-aop-4.3.14.RELEASE.jar:/Users/umutyerli/.m2/repository/org/springframework/spring-beans/4.3.14.RELEASE/spring-beans-4.3.14.RELEASE.jar:/Users/umutyerli/.m2/repository/org/springframework/spring-context/4.3.14.RELEASE/spring-context-4.3.14.RELEASE.jar:/Users/umutyerli/.m2/repository/org/springframework/spring-context-support/4.3.14.RELEASE/spring-context-support-4.3.14.RELEASE.jar:/Users/umutyerli/.m2/repository/org/springframework/spring-core/4.3.14.RELEASE/spring-core-4.3.14.RELEASE.jar:/Users/umutyerli/.m2/repository/commons-logging/commons-logging/1.2/commons-logging-1.2.jar:/Users/umutyerli/.m2/repository/org/springframework/spring-expression/4.3.14.RELEASE/spring-expression-4.3.14.RELEASE.jar:/Users/umutyerli/.m2/repository/org/springframework/spring-jdbc/4.3.14.RELEASE/spring-jdbc-4.3.14.RELEASE.jar:/Users/umutyerli/.m2/repository/org/springframework/spring-orm/4.3.14.RELEASE/spring-orm-4.3.14.RELEASE.jar:/Users/umutyerli/.m2/repository/org/springframework/spring-test/4.3.14.RELEASE/spring-test-4.3.14.RELEASE.jar:/Users/umutyerli/.m2/repository/org/springframework/spring-tx/4.3.14.RELEASE/spring-tx-4.3.14.RELEASE.jar:/Users/umutyerli/.m2/repository/org/springframework/spring-web/4.3.14.RELEASE/spring-web-4.3.14.RELEASE.jar:/Users/umutyerli/.m2/repository/org/springframework/spring-webmvc/4.3.14.RELEASE/spring-webmvc-4.3.14.RELEASE.jar:"/>
    <property name="java.vm.vendor" value="Oracle Corporation"/>
    <property name="sun.arch.data.model" value="64"/>
    <property name="java.vendor.url" value="https://java.oracle.com/"/>
    <property name="os.name" value="Mac OS X"/>
    <property name="java.vm.specification.version" value="12"/>
    <property name="sun.java.launcher" value="SUN_STANDARD"/>
    <property name="user.country" value="US"/>
    <property name="sun.boot.library.path" value="/Library/Java/JavaVirtualMachines/jdk-12.0.1.jdk/Contents/Home/lib"/>
    <property name="sun.java.command" value="/Users/umutyerli/Documents/jboss-eap-7.2.0.GA-quickstarts 2/spring-kitchensink-basic/target/surefire/surefirebooter18397747363988305350.jar /Users/umutyerli/Documents/jboss-eap-7.2.0.GA-quickstarts 2/spring-kitchensink-basic/target/surefire 2019-07-16T17-04-36_507-jvmRun1 surefire13130226561377698285tmp surefire_211107070129838937227tmp"/>
    <property name="http.nonProxyHosts" value="local|*.local|169.254/16|*.169.254/16"/>
    <property name="jdk.debug" value="release"/>
    <property name="surefire.test.class.path" value="/Users/umutyerli/Documents/jboss-eap-7.2.0.GA-quickstarts 2/spring-kitchensink-basic/target/test-classes:/Users/umutyerli/Documents/jboss-eap-7.2.0.GA-quickstarts 2/spring-kitchensink-basic/target/classes:/Users/umutyerli/.m2/repository/com/h2database/h2/1.4.193.redhat-2/h2-1.4.193.redhat-2.jar:/Users/umutyerli/.m2/repository/junit/junit/4.12/junit-4.12.jar:/Users/umutyerli/.m2/repository/org/hamcrest/hamcrest-core/1.3/hamcrest-core-1.3.jar:/Users/umutyerli/.m2/repository/org/apache/taglibs/taglibs-standard-impl/1.2.6.RC1-redhat-1/taglibs-standard-impl-1.2.6.RC1-redhat-1.jar:/Users/umutyerli/.m2/repository/org/apache/taglibs/taglibs-standard-spec/1.2.6.RC1-redhat-1/taglibs-standard-spec-1.2.6.RC1-redhat-1.jar:/Users/umutyerli/.m2/repository/org/hibernate/hibernate-entitymanager/5.3.7.Final-redhat-00001/hibernate-entitymanager-5.3.7.Final-redhat-00001.jar:/Users/umutyerli/.m2/repository/org/jboss/logging/jboss-logging/3.3.2.Final-redhat-00001/jboss-logging-3.3.2.Final-redhat-00001.jar:/Users/umutyerli/.m2/repository/org/hibernate/hibernate-core/5.3.7.Final-redhat-00001/hibernate-core-5.3.7.Final-redhat-00001.jar:/Users/umutyerli/.m2/repository/org/javassist/javassist/3.23.1-GA/javassist-3.23.1-GA.jar:/Users/umutyerli/.m2/repository/antlr/antlr/2.7.7/antlr-2.7.7.jar:/Users/umutyerli/.m2/repository/org/jboss/jandex/2.0.5.Final/jandex-2.0.5.Final.jar:/Users/umutyerli/.m2/repository/javax/activation/javax.activation-api/1.2.0/javax.activation-api-1.2.0.jar:/Users/umutyerli/.m2/repository/org/dom4j/dom4j/2.1.1/dom4j-2.1.1.jar:/Users/umutyerli/.m2/repository/org/hibernate/common/hibernate-commons-annotations/5.0.4.Final/hibernate-commons-annotations-5.0.4.Final.jar:/Users/umutyerli/.m2/repository/net/bytebuddy/byte-buddy/1.8.17/byte-buddy-1.8.17.jar:/Users/umutyerli/.m2/repository/org/hibernate/validator/hibernate-validator/6.0.14.Final-redhat-00001/hibernate-validator-6.0.14.Final-redhat-00001.jar:/Users/umutyerli/.m2/repository/javax/validation/validation-api/2.0.1.Final-redhat-1/validation-api-2.0.1.Final-redhat-1.jar:/Users/umutyerli/.m2/repository/com/fasterxml/classmate/1.3.4/classmate-1.3.4.jar:/Users/umutyerli/.m2/repository/org/hibernate/validator/hibernate-validator-annotation-processor/6.0.14.Final-redhat-00001/hibernate-validator-annotation-processor-6.0.14.Final-redhat-00001.jar:/Users/umutyerli/.m2/repository/javax/persistence/javax.persistence-api/2.2.0.redhat-1/javax.persistence-api-2.2.0.redhat-1.jar:/Users/umutyerli/.m2/repository/org/jboss/spec/javax/servlet/jboss-servlet-api_4.0_spec/1.0.0.Final-redhat-1/jboss-servlet-api_4.0_spec-1.0.0.Final-redhat-1.jar:/Users/umutyerli/.m2/repository/org/jboss/spec/javax/servlet/jsp/jboss-jsp-api_2.3_spec/1.0.3.Final-redhat-1/jboss-jsp-api_2.3_spec-1.0.3.Final-redhat-1.jar:/Users/umutyerli/.m2/repository/org/jboss/spec/javax/el/jboss-el-api_3.0_spec/1.0.12.Final-redhat-00001/jboss-el-api_3.0_spec-1.0.12.Final-redhat-00001.jar:/Users/umutyerli/.m2/repository/org/jboss/spec/javax/transaction/jboss-transaction-api_1.2_spec/1.1.1.Final-redhat-1/jboss-transaction-api_1.2_spec-1.1.1.Final-redhat-1.jar:/Users/umutyerli/.m2/repository/org/jboss/spec/javax/xml/bind/jboss-jaxb-api_2.3_spec/1.0.1.Final-redhat-1/jboss-jaxb-api_2.3_spec-1.0.1.Final-redhat-1.jar:/Users/umutyerli/.m2/repository/org/springframework/spring-aop/4.3.14.RELEASE/spring-aop-4.3.14.RELEASE.jar:/Users/umutyerli/.m2/repository/org/springframework/spring-beans/4.3.14.RELEASE/spring-beans-4.3.14.RELEASE.jar:/Users/umutyerli/.m2/repository/org/springframework/spring-context/4.3.14.RELEASE/spring-context-4.3.14.RELEASE.jar:/Users/umutyerli/.m2/repository/org/springframework/spring-context-support/4.3.14.RELEASE/spring-context-support-4.3.14.RELEASE.jar:/Users/umutyerli/.m2/repository/org/springframework/spring-core/4.3.14.RELEASE/spring-core-4.3.14.RELEASE.jar:/Users/umutyerli/.m2/repository/commons-logging/commons-logging/1.2/commons-logging-1.2.jar:/Users/umutyerli/.m2/repository/org/springframework/spring-expression/4.3.14.RELEASE/spring-expression-4.3.14.RELEASE.jar:/Users/umutyerli/.m2/repository/org/springframework/spring-jdbc/4.3.14.RELEASE/spring-jdbc-4.3.14.RELEASE.jar:/Users/umutyerli/.m2/repository/org/springframework/spring-orm/4.3.14.RELEASE/spring-orm-4.3.14.RELEASE.jar:/Users/umutyerli/.m2/repository/org/springframework/spring-test/4.3.14.RELEASE/spring-test-4.3.14.RELEASE.jar:/Users/umutyerli/.m2/repository/org/springframework/spring-tx/4.3.14.RELEASE/spring-tx-4.3.14.RELEASE.jar:/Users/umutyerli/.m2/repository/org/springframework/spring-web/4.3.14.RELEASE/spring-web-4.3.14.RELEASE.jar:/Users/umutyerli/.m2/repository/org/springframework/spring-webmvc/4.3.14.RELEASE/spring-webmvc-4.3.14.RELEASE.jar:"/>
    <property name="sun.cpu.endian" value="little"/>
    <property name="user.home" value="/Users/umutyerli"/>
    <property name="user.language" value="en"/>
    <property name="java.specification.vendor" value="Oracle Corporation"/>
    <property name="java.version.date" value="2019-04-16"/>
    <property name="java.home" value="/Library/Java/JavaVirtualMachines/jdk-12.0.1.jdk/Contents/Home"/>
    <property name="file.separator" value="/"/>
    <property name="basedir" value="/Users/umutyerli/Documents/jboss-eap-7.2.0.GA-quickstarts 2/spring-kitchensink-basic"/>
    <property name="java.vm.compressedOopsMode" value="Zero based"/>
    <property name="line.separator" value="&#10;"/>
    <property name="java.specification.name" value="Java Platform API Specification"/>
    <property name="java.vm.specification.vendor" value="Oracle Corporation"/>
    <property name="java.awt.graphicsenv" value="sun.awt.CGraphicsEnvironment"/>
    <property name="surefire.real.class.path" value="/Users/umutyerli/Documents/jboss-eap-7.2.0.GA-quickstarts 2/spring-kitchensink-basic/target/surefire/surefirebooter18397747363988305350.jar"/>
    <property name="sun.management.compiler" value="HotSpot 64-Bit Tiered Compilers"/>
    <property name="ftp.nonProxyHosts" value="local|*.local|169.254/16|*.169.254/16"/>
    <property name="java.runtime.version" value="12.0.1+12"/>
    <property name="user.name" value="umutyerli"/>
    <property name="path.separator" value=":"/>
    <property name="os.version" value="10.14.5"/>
    <property name="java.runtime.name" value="Java(TM) SE Runtime Environment"/>
    <property name="file.encoding" value="UTF-8"/>
    <property name="java.vm.name" value="Java HotSpot(TM) 64-Bit Server VM"/>
    <property name="localRepository" value="/Users/umutyerli/.m2/repository"/>
    <property name="java.vendor.url.bug" value="https://bugreport.java.com/bugreport/"/>
    <property name="java.io.tmpdir" value="/Users/umutyerli/Documents/jboss-eap-7.2.0.GA-quickstarts 2/spring-kitchensink-basic/target"/>
    <property name="java.version" value="12.0.1"/>
    <property name="user.dir" value="/Users/umutyerli/Documents/jboss-eap-7.2.0.GA-quickstarts 2/spring-kitchensink-basic"/>
    <property name="os.arch" value="x86_64"/>
    <property name="java.vm.specification.name" value="Java Virtual Machine Specification"/>
    <property name="java.library.path" value="/Users/umutyerli/Library/Java/Extensions:/Library/Java/Extensions:/Network/Library/Java/Extensions:/System/Library/Java/Extensions:/usr/lib/java:."/>
    <property name="java.vm.info" value="mixed mode, sharing"/>
    <property name="java.vendor" value="Oracle Corporation"/>
    <property name="java.vm.version" value="12.0.1+12"/>
    <property name="sun.io.unicode.encoding" value="UnicodeBig"/>
    <property name="socksNonProxyHosts" value="local|*.local|169.254/16|*.169.254/16"/>
    <property name="java.class.version" value="56.0"/>
  </properties>
  <testcase name="testRegister" classname="org.jboss.as.quickstarts.kitchensink.spring.basic.test.MemberDaoTest" time="0.226"/>
  <testcase name="testFindById" classname="org.jboss.as.quickstarts.kitchensink.spring.basic.test.MemberDaoTest" time="0.008"/>
  <testcase name="testFindByEmail" classname="org.jboss.as.quickstarts.kitchensink.spring.basic.test.MemberDaoTest" time="0.017"/>
  <testcase name="testFindAllOrderedByName" classname="org.jboss.as.quickstarts.kitchensink.spring.basic.test.MemberDaoTest" time="0.006"/>
</testsuite>