<?xml version="1.0" encoding="UTF-8"?>
<testsuite xmlns:xsi="http://www.w3.org/2001/XMLSchema-instance" xsi:noNamespaceSchemaLocation="https://maven.apache.org/surefire/maven-surefire-plugin/xsd/surefire-test-report.xsd" name="org.jboss.as.quickstarts.wshelloworld.ClientTest" time="0.044" tests="3" errors="0" skipped="3" failures="0">
  <properties>
    <property name="awt.toolkit" value="sun.lwawt.macosx.LWCToolkit"/>
    <property name="java.specification.version" value="12"/>
    <property name="sun.jnu.encoding" value="UTF-8"/>
    <property name="java.class.path" value="/Users/umutyerli/Documents/jboss-eap-7.2.0.GA-quickstarts 2/helloworld-ws/target/test-classes:/Users/umutyerli/Documents/jboss-eap-7.2.0.GA-quickstarts 2/helloworld-ws/target/classes:/Users/umutyerli/.m2/repository/javax/enterprise/cdi-api/2.0.0.SP1-redhat-00001/cdi-api-2.0.0.SP1-redhat-00001.jar:/Users/umutyerli/.m2/repository/javax/inject/javax.inject/1.0.0.redhat-6/javax.inject-1.0.0.redhat-6.jar:/Users/umutyerli/.m2/repository/junit/junit/4.12/junit-4.12.jar:/Users/umutyerli/.m2/repository/org/hamcrest/hamcrest-core/1.3/hamcrest-core-1.3.jar:/Users/umutyerli/.m2/repository/org/jboss/arquillian/junit/arquillian-junit-container/1.1.13.Final/arquillian-junit-container-1.1.13.Final.jar:/Users/umutyerli/.m2/repository/org/jboss/arquillian/junit/arquillian-junit-core/1.1.13.Final/arquillian-junit-core-1.1.13.Final.jar:/Users/umutyerli/.m2/repository/org/jboss/arquillian/test/arquillian-test-api/1.1.13.Final/arquillian-test-api-1.1.13.Final.jar:/Users/umutyerli/.m2/repository/org/jboss/arquillian/core/arquillian-core-api/1.1.13.Final/arquillian-core-api-1.1.13.Final.jar:/Users/umutyerli/.m2/repository/org/jboss/arquillian/test/arquillian-test-spi/1.1.13.Final/arquillian-test-spi-1.1.13.Final.jar:/Users/umutyerli/.m2/repository/org/jboss/arquillian/core/arquillian-core-spi/1.1.13.Final/arquillian-core-spi-1.1.13.Final.jar:/Users/umutyerli/.m2/repository/org/jboss/arquillian/container/arquillian-container-test-api/1.1.13.Final/arquillian-container-test-api-1.1.13.Final.jar:/Users/umutyerli/.m2/repository/org/jboss/shrinkwrap/shrinkwrap-api/1.2.6/shrinkwrap-api-1.2.6.jar:/Users/umutyerli/.m2/repository/org/jboss/arquillian/container/arquillian-container-test-spi/1.1.13.Final/arquillian-container-test-spi-1.1.13.Final.jar:/Users/umutyerli/.m2/repository/org/jboss/arquillian/container/arquillian-container-spi/1.1.13.Final/arquillian-container-spi-1.1.13.Final.jar:/Users/umutyerli/.m2/repository/org/jboss/shrinkwrap/descriptors/shrinkwrap-descriptors-api-base/2.0.0-alpha-10/shrinkwrap-descriptors-api-base-2.0.0-alpha-10.jar:/Users/umutyerli/.m2/repository/org/jboss/arquillian/core/arquillian-core-impl-base/1.1.13.Final/arquillian-core-impl-base-1.1.13.Final.jar:/Users/umutyerli/.m2/repository/org/jboss/arquillian/test/arquillian-test-impl-base/1.1.13.Final/arquillian-test-impl-base-1.1.13.Final.jar:/Users/umutyerli/.m2/repository/org/jboss/arquillian/container/arquillian-container-impl-base/1.1.13.Final/arquillian-container-impl-base-1.1.13.Final.jar:/Users/umutyerli/.m2/repository/org/jboss/arquillian/config/arquillian-config-api/1.1.13.Final/arquillian-config-api-1.1.13.Final.jar:/Users/umutyerli/.m2/repository/org/jboss/arquillian/config/arquillian-config-impl-base/1.1.13.Final/arquillian-config-impl-base-1.1.13.Final.jar:/Users/umutyerli/.m2/repository/org/jboss/shrinkwrap/descriptors/shrinkwrap-descriptors-spi/2.0.0-alpha-10/shrinkwrap-descriptors-spi-2.0.0-alpha-10.jar:/Users/umutyerli/.m2/repository/org/jboss/arquillian/container/arquillian-container-test-impl-base/1.1.13.Final/arquillian-container-test-impl-base-1.1.13.Final.jar:/Users/umutyerli/.m2/repository/org/jboss/shrinkwrap/shrinkwrap-impl-base/1.2.6/shrinkwrap-impl-base-1.2.6.jar:/Users/umutyerli/.m2/repository/org/jboss/shrinkwrap/shrinkwrap-spi/1.2.6/shrinkwrap-spi-1.2.6.jar:/Users/umutyerli/.m2/repository/org/jboss/spec/javax/annotation/jboss-annotations-api_1.3_spec/1.0.1.Final-redhat-1/jboss-annotations-api_1.3_spec-1.0.1.Final-redhat-1.jar:/Users/umutyerli/.m2/repository/org/jboss/spec/javax/servlet/jboss-servlet-api_4.0_spec/1.0.0.Final-redhat-1/jboss-servlet-api_4.0_spec-1.0.0.Final-redhat-1.jar:/Users/umutyerli/.m2/repository/javax/jws/jsr181-api/1.0.0.MR1-redhat-8/jsr181-api-1.0.0.MR1-redhat-8.jar:/Users/umutyerli/.m2/repository/org/jboss/spec/javax/xml/ws/jboss-jaxws-api_2.3_spec/1.0.0.Final-redhat-1/jboss-jaxws-api_2.3_spec-1.0.0.Final-redhat-1.jar:"/>
    <property name="java.vm.vendor" value="Oracle Corporation"/>
    <property name="sun.arch.data.model" value="64"/>
    <property name="java.vendor.url" value="https://java.oracle.com/"/>
    <property name="os.name" value="Mac OS X"/>
    <property name="java.vm.specification.version" value="12"/>
    <property name="sun.java.launcher" value="SUN_STANDARD"/>
    <property name="user.country" value="US"/>
    <property name="sun.boot.library.path" value="/Library/Java/JavaVirtualMachines/jdk-12.0.1.jdk/Contents/Home/lib"/>
    <property name="sun.java.command" value="/Users/umutyerli/Documents/jboss-eap-7.2.0.GA-quickstarts 2/helloworld-ws/target/surefire/surefirebooter5837104281031682763.jar /Users/umutyerli/Documents/jboss-eap-7.2.0.GA-quickstarts 2/helloworld-ws/target/surefire 2019-07-16T17-04-36_507-jvmRun1 surefire9819311508188370529tmp surefire_18537942270782065496tmp"/>
    <property name="http.nonProxyHosts" value="local|*.local|169.254/16|*.169.254/16"/>
    <property name="jdk.debug" value="release"/>
    <property name="surefire.test.class.path" value="/Users/umutyerli/Documents/jboss-eap-7.2.0.GA-quickstarts 2/helloworld-ws/target/test-classes:/Users/umutyerli/Documents/jboss-eap-7.2.0.GA-quickstarts 2/helloworld-ws/target/classes:/Users/umutyerli/.m2/repository/javax/enterprise/cdi-api/2.0.0.SP1-redhat-00001/cdi-api-2.0.0.SP1-redhat-00001.jar:/Users/umutyerli/.m2/repository/javax/inject/javax.inject/1.0.0.redhat-6/javax.inject-1.0.0.redhat-6.jar:/Users/umutyerli/.m2/repository/junit/junit/4.12/junit-4.12.jar:/Users/umutyerli/.m2/repository/org/hamcrest/hamcrest-core/1.3/hamcrest-core-1.3.jar:/Users/umutyerli/.m2/repository/org/jboss/arquillian/junit/arquillian-junit-container/1.1.13.Final/arquillian-junit-container-1.1.13.Final.jar:/Users/umutyerli/.m2/repository/org/jboss/arquillian/junit/arquillian-junit-core/1.1.13.Final/arquillian-junit-core-1.1.13.Final.jar:/Users/umutyerli/.m2/repository/org/jboss/arquillian/test/arquillian-test-api/1.1.13.Final/arquillian-test-api-1.1.13.Final.jar:/Users/umutyerli/.m2/repository/org/jboss/arquillian/core/arquillian-core-api/1.1.13.Final/arquillian-core-api-1.1.13.Final.jar:/Users/umutyerli/.m2/repository/org/jboss/arquillian/test/arquillian-test-spi/1.1.13.Final/arquillian-test-spi-1.1.13.Final.jar:/Users/umutyerli/.m2/repository/org/jboss/arquillian/core/arquillian-core-spi/1.1.13.Final/arquillian-core-spi-1.1.13.Final.jar:/Users/umutyerli/.m2/repository/org/jboss/arquillian/container/arquillian-container-test-api/1.1.13.Final/arquillian-container-test-api-1.1.13.Final.jar:/Users/umutyerli/.m2/repository/org/jboss/shrinkwrap/shrinkwrap-api/1.2.6/shrinkwrap-api-1.2.6.jar:/Users/umutyerli/.m2/repository/org/jboss/arquillian/container/arquillian-container-test-spi/1.1.13.Final/arquillian-container-test-spi-1.1.13.Final.jar:/Users/umutyerli/.m2/repository/org/jboss/arquillian/container/arquillian-container-spi/1.1.13.Final/arquillian-container-spi-1.1.13.Final.jar:/Users/umutyerli/.m2/repository/org/jboss/shrinkwrap/descriptors/shrinkwrap-descriptors-api-base/2.0.0-alpha-10/shrinkwrap-descriptors-api-base-2.0.0-alpha-10.jar:/Users/umutyerli/.m2/repository/org/jboss/arquillian/core/arquillian-core-impl-base/1.1.13.Final/arquillian-core-impl-base-1.1.13.Final.jar:/Users/umutyerli/.m2/repository/org/jboss/arquillian/test/arquillian-test-impl-base/1.1.13.Final/arquillian-test-impl-base-1.1.13.Final.jar:/Users/umutyerli/.m2/repository/org/jboss/arquillian/container/arquillian-container-impl-base/1.1.13.Final/arquillian-container-impl-base-1.1.13.Final.jar:/Users/umutyerli/.m2/repository/org/jboss/arquillian/config/arquillian-config-api/1.1.13.Final/arquillian-config-api-1.1.13.Final.jar:/Users/umutyerli/.m2/repository/org/jboss/arquillian/config/arquillian-config-impl-base/1.1.13.Final/arquillian-config-impl-base-1.1.13.Final.jar:/Users/umutyerli/.m2/repository/org/jboss/shrinkwrap/descriptors/shrinkwrap-descriptors-spi/2.0.0-alpha-10/shrinkwrap-descriptors-spi-2.0.0-alpha-10.jar:/Users/umutyerli/.m2/repository/org/jboss/arquillian/container/arquillian-container-test-impl-base/1.1.13.Final/arquillian-container-test-impl-base-1.1.13.Final.jar:/Users/umutyerli/.m2/repository/org/jboss/shrinkwrap/shrinkwrap-impl-base/1.2.6/shrinkwrap-impl-base-1.2.6.jar:/Users/umutyerli/.m2/repository/org/jboss/shrinkwrap/shrinkwrap-spi/1.2.6/shrinkwrap-spi-1.2.6.jar:/Users/umutyerli/.m2/repository/org/jboss/spec/javax/annotation/jboss-annotations-api_1.3_spec/1.0.1.Final-redhat-1/jboss-annotations-api_1.3_spec-1.0.1.Final-redhat-1.jar:/Users/umutyerli/.m2/repository/org/jboss/spec/javax/servlet/jboss-servlet-api_4.0_spec/1.0.0.Final-redhat-1/jboss-servlet-api_4.0_spec-1.0.0.Final-redhat-1.jar:/Users/umutyerli/.m2/repository/javax/jws/jsr181-api/1.0.0.MR1-redhat-8/jsr181-api-1.0.0.MR1-redhat-8.jar:/Users/umutyerli/.m2/repository/org/jboss/spec/javax/xml/ws/jboss-jaxws-api_2.3_spec/1.0.0.Final-redhat-1/jboss-jaxws-api_2.3_spec-1.0.0.Final-redhat-1.jar:"/>
    <property name="sun.cpu.endian" value="little"/>
    <property name="user.home" value="/Users/umutyerli"/>
    <property name="user.language" value="en"/>
    <property name="java.specification.vendor" value="Oracle Corporation"/>
    <property name="java.version.date" value="2019-04-16"/>
    <property name="java.home" value="/Library/Java/JavaVirtualMachines/jdk-12.0.1.jdk/Contents/Home"/>
    <property name="file.separator" value="/"/>
    <property name="basedir" value="/Users/umutyerli/Documents/jboss-eap-7.2.0.GA-quickstarts 2/helloworld-ws"/>
    <property name="java.vm.compressedOopsMode" value="Zero based"/>
    <property name="line.separator" value="&#10;"/>
    <property name="java.specification.name" value="Java Platform API Specification"/>
    <property name="java.vm.specification.vendor" value="Oracle Corporation"/>
    <property name="java.awt.graphicsenv" value="sun.awt.CGraphicsEnvironment"/>
    <property name="surefire.real.class.path" value="/Users/umutyerli/Documents/jboss-eap-7.2.0.GA-quickstarts 2/helloworld-ws/target/surefire/surefirebooter5837104281031682763.jar"/>
    <property name="sun.management.compiler" value="HotSpot 64-Bit Tiered Compilers"/>
    <property name="ftp.nonProxyHosts" value="local|*.local|169.254/16|*.169.254/16"/>
    <property name="java.runtime.version" value="12.0.1+12"/>
    <property name="user.name" value="umutyerli"/>
    <property name="path.separator" value=":"/>
    <property name="os.version" value="10.14.5"/>
    <property name="java.runtime.name" value="Java(TM) SE Runtime Environment"/>
    <property name="file.encoding" value="UTF-8"/>
    <property name="java.vm.name" value="Java HotSpot(TM) 64-Bit Server VM"/>
    <property name="localRepository" value="/Users/umutyerli/.m2/repository"/>
    <property name="java.vendor.url.bug" value="https://bugreport.java.com/bugreport/"/>
    <property name="java.io.tmpdir" value="/Users/umutyerli/Documents/jboss-eap-7.2.0.GA-quickstarts 2/helloworld-ws/target"/>
    <property name="java.version" value="12.0.1"/>
    <property name="user.dir" value="/Users/umutyerli/Documents/jboss-eap-7.2.0.GA-quickstarts 2/helloworld-ws"/>
    <property name="os.arch" value="x86_64"/>
    <property name="java.vm.specification.name" value="Java Virtual Machine Specification"/>
    <property name="java.library.path" value="/Users/umutyerli/Library/Java/Extensions:/Library/Java/Extensions:/Network/Library/Java/Extensions:/System/Library/Java/Extensions:/usr/lib/java:."/>
    <property name="java.vm.info" value="mixed mode, sharing"/>
    <property name="java.vendor" value="Oracle Corporation"/>
    <property name="java.vm.version" value="12.0.1+12"/>
    <property name="sun.io.unicode.encoding" value="UnicodeBig"/>
    <property name="socksNonProxyHosts" value="local|*.local|169.254/16|*.169.254/16"/>
    <property name="java.class.version" value="56.0"/>
  </properties>
  <testcase name="testHello" classname="org.jboss.as.quickstarts.wshelloworld.ClientTest" time="0">
    <skipped message="got: &lt;false&gt;, expected: is &lt;true&gt;"/>
    <system-out><![CDATA[WSDL Deployment URL: http://localhost:8080/helloworld-ws/HelloWorldService?wsdl
]]></system-out>
  </testcase>
  <testcase name="testHelloName" classname="org.jboss.as.quickstarts.wshelloworld.ClientTest" time="0">
    <skipped message="got: &lt;false&gt;, expected: is &lt;true&gt;"/>
  </testcase>
  <testcase name="testHelloNames" classname="org.jboss.as.quickstarts.wshelloworld.ClientTest" time="0">
    <skipped message="got: &lt;false&gt;, expected: is &lt;true&gt;"/>
  </testcase>
</testsuite>